Determining if the pthread_create exist failed with the following output:
Change Dir: /home/ros/catkin_ws/src/wrp_sdk/build/CMakeFiles/CMakeTmp

Run Build Command:"/usr/bin/make" "cmTC_afa41/fast"
/usr/bin/make -f CMakeFiles/cmTC_afa41.dir/build.make CMakeFiles/cmTC_afa41.dir/build
make[1]: 进入目录“/home/ros/catkin_ws/src/wrp_sdk/build/CMakeFiles/CMakeTmp”
Building C object CMakeFiles/cmTC_afa41.dir/CheckSymbolExists.c.o
/usr/bin/cc    -o CMakeFiles/cmTC_afa41.dir/CheckSymbolExists.c.o   -c /home/ros/catkin_ws/src/wrp_sdk/build/CMakeFiles/CMakeTmp/CheckSymbolExists.c
Linking C executable cmTC_afa41
/usr/bin/cmake -E cmake_link_script CMakeFiles/cmTC_afa41.dir/link.txt --verbose=1
/usr/bin/cc      CMakeFiles/cmTC_afa41.dir/CheckSymbolExists.c.o  -o cmTC_afa41 
CMakeFiles/cmTC_afa41.dir/CheckSymbolExists.c.o：在函数‘main’中：
CheckSymbolExists.c:(.text+0x1b)：对‘pthread_create’未定义的引用
collect2: error: ld returned 1 exit status
CMakeFiles/cmTC_afa41.dir/build.make:97: recipe for target 'cmTC_afa41' failed
make[1]: *** [cmTC_afa41] Error 1
make[1]: 离开目录“/home/ros/catkin_ws/src/wrp_sdk/build/CMakeFiles/CMakeTmp”
Makefile:126: recipe for target 'cmTC_afa41/fast' failed
make: *** [cmTC_afa41/fast] Error 2

File /home/ros/catkin_ws/src/wrp_sdk/build/CMakeFiles/CMakeTmp/CheckSymbolExists.c:
/* */
#include <pthread.h>

int main(int argc, char** argv)
{
  (void)argv;
#ifndef pthread_create
  return ((int*)(&pthread_create))[argc];
#else
  (void)argc;
  return 0;
#endif
}

Determining if the function pthread_create exists in the pthreads failed with the following output:
Change Dir: /home/ros/catkin_ws/src/wrp_sdk/build/CMakeFiles/CMakeTmp

Run Build Command:"/usr/bin/make" "cmTC_07bb9/fast"
/usr/bin/make -f CMakeFiles/cmTC_07bb9.dir/build.make CMakeFiles/cmTC_07bb9.dir/build
make[1]: 进入目录“/home/ros/catkin_ws/src/wrp_sdk/build/CMakeFiles/CMakeTmp”
Building C object CMakeFiles/cmTC_07bb9.dir/CheckFunctionExists.c.o
/usr/bin/cc   -DCHECK_FUNCTION_EXISTS=pthread_create   -o CMakeFiles/cmTC_07bb9.dir/CheckFunctionExists.c.o   -c /usr/share/cmake-3.10/Modules/CheckFunctionExists.c
Linking C executable cmTC_07bb9
/usr/bin/cmake -E cmake_link_script CMakeFiles/cmTC_07bb9.dir/link.txt --verbose=1
/usr/bin/cc  -DCHECK_FUNCTION_EXISTS=pthread_create    CMakeFiles/cmTC_07bb9.dir/CheckFunctionExists.c.o  -o cmTC_07bb9 -lpthreads 
/usr/bin/ld: 找不到 -lpthreads
collect2: error: ld returned 1 exit status
CMakeFiles/cmTC_07bb9.dir/build.make:97: recipe for target 'cmTC_07bb9' failed
make[1]: *** [cmTC_07bb9] Error 1
make[1]: 离开目录“/home/ros/catkin_ws/src/wrp_sdk/build/CMakeFiles/CMakeTmp”
Makefile:126: recipe for target 'cmTC_07bb9/fast' failed
make: *** [cmTC_07bb9/fast] Error 2


